<?xml version="1.0" encoding="UTF-8"?>
<Site BuildName="(empty)"
	BuildStamp="20250515-0054-Experimental"
	Name="(empty)"
	Generator="ctest-4.0.2-dirty"
	CompilerName=""
	CompilerVersion=""
	OSName="Linux"
	Hostname="XENOM-GE"
	OSRelease="6.14.5-arch1-1"
	OSVersion="#1 SMP PREEMPT_DYNAMIC Sat, 03 May 2025 13:34:12 +0000"
	OSPlatform="x86_64"
	Is64Bits="1"
	VendorString="GenuineIntel"
	VendorID="Intel Corporation"
	FamilyID="6"
	ModelID="58"
	ModelName="Intel(R) Core(TM) i7-3770 CPU @ 3.40GHz"
	ProcessorCacheSize="8192"
	NumberOfLogicalCPU="8"
	NumberOfPhysicalCPU="4"
	TotalVirtualMemory="0"
	TotalPhysicalMemory="23965"
	LogicalProcessorsPerPhysical="2"
	ProcessorClockFrequency="3682.07"
	>
	<Testing>
		<StartDateTime>May 14 20:54 EDT</StartDateTime>
		<StartTestTime>1747270446</StartTestTime>
		<TestList/>
		<EndDateTime>May 14 20:54 EDT</EndDateTime>
		<EndTestTime>1747270446</EndTestTime>
		<ElapsedMinutes>0</ElapsedMinutes>
	</Testing>
</Site>
